<?xml version="1.0" encoding="UTF-8"?>
<testsuite xmlns:xsi="http://www.w3.org/2001/XMLSchema-instance" xsi:noNamespaceSchemaLocation="https://maven.apache.org/surefire/maven-surefire-plugin/xsd/surefire-test-report.xsd" name="org.github.philipsonfhir.smartonfhir.basic.controller.service.FhirServerTest" time="5.572" tests="1" errors="1" skipped="0" failures="0">
  <properties>
    <property name="sun.desktop" value="windows"/>
    <property name="awt.toolkit" value="sun.awt.windows.WToolkit"/>
    <property name="java.specification.version" value="12"/>
    <property name="sun.cpu.isalist" value="amd64"/>
    <property name="sun.jnu.encoding" value="Cp1252"/>
    <property name="java.class.path" value="C:\Data\CONNECT\github\fhir-cast-dev-auth\worklist\target\test-classes;C:\Data\CONNECT\github\fhir-cast-dev-auth\worklist\target\classes;C:\Users\nly98977\.m2\repository\org\springframework\boot\spring-boot-starter-web\2.1.5.RELEASE\spring-boot-starter-web-2.1.5.RELEASE.jar;C:\Users\nly98977\.m2\repository\org\springframework\boot\spring-boot-starter\2.1.5.RELEASE\spring-boot-starter-2.1.5.RELEASE.jar;C:\Users\nly98977\.m2\repository\org\springframework\boot\spring-boot-starter-logging\2.1.5.RELEASE\spring-boot-starter-logging-2.1.5.RELEASE.jar;C:\Users\nly98977\.m2\repository\ch\qos\logback\logback-classic\1.2.3\logback-classic-1.2.3.jar;C:\Users\nly98977\.m2\repository\ch\qos\logback\logback-core\1.2.3\logback-core-1.2.3.jar;C:\Users\nly98977\.m2\repository\org\apache\logging\log4j\log4j-to-slf4j\2.11.2\log4j-to-slf4j-2.11.2.jar;C:\Users\nly98977\.m2\repository\org\apache\logging\log4j\log4j-api\2.11.2\log4j-api-2.11.2.jar;C:\Users\nly98977\.m2\repository\org\slf4j\jul-to-slf4j\1.7.26\jul-to-slf4j-1.7.26.jar;C:\Users\nly98977\.m2\repository\javax\annotation\javax.annotation-api\1.3.2\javax.annotation-api-1.3.2.jar;C:\Users\nly98977\.m2\repository\org\yaml\snakeyaml\1.23\snakeyaml-1.23.jar;C:\Users\nly98977\.m2\repository\org\springframework\boot\spring-boot-starter-json\2.1.5.RELEASE\spring-boot-starter-json-2.1.5.RELEASE.jar;C:\Users\nly98977\.m2\repository\com\fasterxml\jackson\datatype\jackson-datatype-jdk8\2.9.8\jackson-datatype-jdk8-2.9.8.jar;C:\Users\nly98977\.m2\repository\com\fasterxml\jackson\datatype\jackson-datatype-jsr310\2.9.8\jackson-datatype-jsr310-2.9.8.jar;C:\Users\nly98977\.m2\repository\com\fasterxml\jackson\module\jackson-module-parameter-names\2.9.8\jackson-module-parameter-names-2.9.8.jar;C:\Users\nly98977\.m2\repository\org\springframework\boot\spring-boot-starter-tomcat\2.1.5.RELEASE\spring-boot-starter-tomcat-2.1.5.RELEASE.jar;C:\Users\nly98977\.m2\repository\org\apache\tomcat\embed\tomcat-embed-core\9.0.19\tomcat-embed-core-9.0.19.jar;C:\Users\nly98977\.m2\repository\org\apache\tomcat\embed\tomcat-embed-el\9.0.19\tomcat-embed-el-9.0.19.jar;C:\Users\nly98977\.m2\repository\org\apache\tomcat\embed\tomcat-embed-websocket\9.0.19\tomcat-embed-websocket-9.0.19.jar;C:\Users\nly98977\.m2\repository\org\hibernate\validator\hibernate-validator\6.0.16.Final\hibernate-validator-6.0.16.Final.jar;C:\Users\nly98977\.m2\repository\javax\validation\validation-api\2.0.1.Final\validation-api-2.0.1.Final.jar;C:\Users\nly98977\.m2\repository\org\jboss\logging\jboss-logging\3.3.2.Final\jboss-logging-3.3.2.Final.jar;C:\Users\nly98977\.m2\repository\com\fasterxml\classmate\1.4.0\classmate-1.4.0.jar;C:\Users\nly98977\.m2\repository\org\springframework\boot\spring-boot-starter-jetty\2.1.5.RELEASE\spring-boot-starter-jetty-2.1.5.RELEASE.jar;C:\Users\nly98977\.m2\repository\org\eclipse\jetty\jetty-servlets\9.4.18.v20190429\jetty-servlets-9.4.18.v20190429.jar;C:\Users\nly98977\.m2\repository\org\eclipse\jetty\jetty-continuation\9.4.18.v20190429\jetty-continuation-9.4.18.v20190429.jar;C:\Users\nly98977\.m2\repository\org\eclipse\jetty\jetty-http\9.4.18.v20190429\jetty-http-9.4.18.v20190429.jar;C:\Users\nly98977\.m2\repository\org\eclipse\jetty\jetty-util\9.4.18.v20190429\jetty-util-9.4.18.v20190429.jar;C:\Users\nly98977\.m2\repository\org\eclipse\jetty\jetty-io\9.4.18.v20190429\jetty-io-9.4.18.v20190429.jar;C:\Users\nly98977\.m2\repository\org\eclipse\jetty\jetty-webapp\9.4.18.v20190429\jetty-webapp-9.4.18.v20190429.jar;C:\Users\nly98977\.m2\repository\org\eclipse\jetty\jetty-xml\9.4.18.v20190429\jetty-xml-9.4.18.v20190429.jar;C:\Users\nly98977\.m2\repository\org\eclipse\jetty\jetty-servlet\9.4.18.v20190429\jetty-servlet-9.4.18.v20190429.jar;C:\Users\nly98977\.m2\repository\org\eclipse\jetty\jetty-security\9.4.18.v20190429\jetty-security-9.4.18.v20190429.jar;C:\Users\nly98977\.m2\repository\org\eclipse\jetty\jetty-server\9.4.18.v20190429\jetty-server-9.4.18.v20190429.jar;C:\Users\nly98977\.m2\repository\org\eclipse\jetty\websocket\websocket-server\9.4.18.v20190429\websocket-server-9.4.18.v20190429.jar;C:\Users\nly98977\.m2\repository\org\eclipse\jetty\websocket\websocket-common\9.4.18.v20190429\websocket-common-9.4.18.v20190429.jar;C:\Users\nly98977\.m2\repository\org\eclipse\jetty\websocket\websocket-api\9.4.18.v20190429\websocket-api-9.4.18.v20190429.jar;C:\Users\nly98977\.m2\repository\org\eclipse\jetty\websocket\websocket-client\9.4.18.v20190429\websocket-client-9.4.18.v20190429.jar;C:\Users\nly98977\.m2\repository\org\eclipse\jetty\jetty-client\9.4.18.v20190429\jetty-client-9.4.18.v20190429.jar;C:\Users\nly98977\.m2\repository\org\eclipse\jetty\websocket\websocket-servlet\9.4.18.v20190429\websocket-servlet-9.4.18.v20190429.jar;C:\Users\nly98977\.m2\repository\org\eclipse\jetty\websocket\javax-websocket-server-impl\9.4.18.v20190429\javax-websocket-server-impl-9.4.18.v20190429.jar;C:\Users\nly98977\.m2\repository\org\eclipse\jetty\jetty-annotations\9.4.18.v20190429\jetty-annotations-9.4.18.v20190429.jar;C:\Users\nly98977\.m2\repository\org\eclipse\jetty\jetty-plus\9.4.18.v20190429\jetty-plus-9.4.18.v20190429.jar;C:\Users\nly98977\.m2\repository\org\ow2\asm\asm\7.0\asm-7.0.jar;C:\Users\nly98977\.m2\repository\org\ow2\asm\asm-commons\7.0\asm-commons-7.0.jar;C:\Users\nly98977\.m2\repository\org\ow2\asm\asm-tree\7.0\asm-tree-7.0.jar;C:\Users\nly98977\.m2\repository\org\ow2\asm\asm-analysis\7.0\asm-analysis-7.0.jar;C:\Users\nly98977\.m2\repository\org\eclipse\jetty\websocket\javax-websocket-client-impl\9.4.18.v20190429\javax-websocket-client-impl-9.4.18.v20190429.jar;C:\Users\nly98977\.m2\repository\javax\websocket\javax.websocket-api\1.1\javax.websocket-api-1.1.jar;C:\Users\nly98977\.m2\repository\org\mortbay\jasper\apache-el\8.5.40\apache-el-8.5.40.jar;C:\Users\nly98977\.m2\repository\org\springframework\security\oauth\boot\spring-security-oauth2-autoconfigure\2.1.5.RELEASE\spring-security-oauth2-autoconfigure-2.1.5.RELEASE.jar;C:\Users\nly98977\.m2\repository\com\fasterxml\jackson\core\jackson-annotations\2.9.0\jackson-annotations-2.9.0.jar;C:\Users\nly98977\.m2\repository\com\fasterxml\jackson\core\jackson-databind\2.9.8\jackson-databind-2.9.8.jar;C:\Users\nly98977\.m2\repository\com\sun\xml\bind\jaxb-core\2.3.0.1\jaxb-core-2.3.0.1.jar;C:\Users\nly98977\.m2\repository\com\sun\xml\bind\jaxb-impl\2.3.0.1\jaxb-impl-2.3.0.1.jar;C:\Users\nly98977\.m2\repository\javax\xml\bind\jaxb-api\2.3.1\jaxb-api-2.3.1.jar;C:\Users\nly98977\.m2\repository\javax\activation\javax.activation-api\1.2.0\javax.activation-api-1.2.0.jar;C:\Users\nly98977\.m2\repository\org\springframework\boot\spring-boot\2.1.5.RELEASE\spring-boot-2.1.5.RELEASE.jar;C:\Users\nly98977\.m2\repository\org\springframework\boot\spring-boot-autoconfigure\2.1.5.RELEASE\spring-boot-autoconfigure-2.1.5.RELEASE.jar;C:\Users\nly98977\.m2\repository\org\springframework\security\oauth\spring-security-oauth2\2.3.5.RELEASE\spring-security-oauth2-2.3.5.RELEASE.jar;C:\Users\nly98977\.m2\repository\org\springframework\security\spring-security-core\5.1.5.RELEASE\spring-security-core-5.1.5.RELEASE.jar;C:\Users\nly98977\.m2\repository\org\springframework\security\spring-security-config\5.1.5.RELEASE\spring-security-config-5.1.5.RELEASE.jar;C:\Users\nly98977\.m2\repository\org\springframework\security\spring-security-web\5.1.5.RELEASE\spring-security-web-5.1.5.RELEASE.jar;C:\Users\nly98977\.m2\repository\org\codehaus\jackson\jackson-mapper-asl\1.9.13\jackson-mapper-asl-1.9.13.jar;C:\Users\nly98977\.m2\repository\org\codehaus\jackson\jackson-core-asl\1.9.13\jackson-core-asl-1.9.13.jar;C:\Users\nly98977\.m2\repository\org\springframework\security\spring-security-jwt\1.0.10.RELEASE\spring-security-jwt-1.0.10.RELEASE.jar;C:\Users\nly98977\.m2\repository\org\bouncycastle\bcpkix-jdk15on\1.60\bcpkix-jdk15on-1.60.jar;C:\Users\nly98977\.m2\repository\org\bouncycastle\bcprov-jdk15on\1.60\bcprov-jdk15on-1.60.jar;C:\Users\nly98977\.m2\repository\org\springframework\spring-web\5.1.7.RELEASE\spring-web-5.1.7.RELEASE.jar;C:\Users\nly98977\.m2\repository\org\springframework\spring-beans\5.1.7.RELEASE\spring-beans-5.1.7.RELEASE.jar;C:\Users\nly98977\.m2\repository\org\springframework\spring-core\5.1.7.RELEASE\spring-core-5.1.7.RELEASE.jar;C:\Users\nly98977\.m2\repository\org\springframework\spring-jcl\5.1.7.RELEASE\spring-jcl-5.1.7.RELEASE.jar;C:\Users\nly98977\.m2\repository\org\springframework\spring-webmvc\5.1.7.RELEASE\spring-webmvc-5.1.7.RELEASE.jar;C:\Users\nly98977\.m2\repository\org\springframework\spring-aop\5.1.7.RELEASE\spring-aop-5.1.7.RELEASE.jar;C:\Users\nly98977\.m2\repository\org\springframework\spring-context\5.1.7.RELEASE\spring-context-5.1.7.RELEASE.jar;C:\Users\nly98977\.m2\repository\org\springframework\spring-expression\5.1.7.RELEASE\spring-expression-5.1.7.RELEASE.jar;C:\Users\nly98977\.m2\repository\javax\servlet\javax.servlet-api\4.0.1\javax.servlet-api-4.0.1.jar;C:\Users\nly98977\.m2\repository\org\projectlombok\lombok\1.18.8\lombok-1.18.8.jar;C:\Users\nly98977\.m2\repository\org\springframework\boot\spring-boot-starter-test\2.1.5.RELEASE\spring-boot-starter-test-2.1.5.RELEASE.jar;C:\Users\nly98977\.m2\repository\org\springframework\boot\spring-boot-test-autoconfigure\2.1.5.RELEASE\spring-boot-test-autoconfigure-2.1.5.RELEASE.jar;C:\Users\nly98977\.m2\repository\com\jayway\jsonpath\json-path\2.4.0\json-path-2.4.0.jar;C:\Users\nly98977\.m2\repository\net\minidev\json-smart\2.3\json-smart-2.3.jar;C:\Users\nly98977\.m2\repository\net\minidev\accessors-smart\1.2\accessors-smart-1.2.jar;C:\Users\nly98977\.m2\repository\junit\junit\4.12\junit-4.12.jar;C:\Users\nly98977\.m2\repository\org\assertj\assertj-core\3.11.1\assertj-core-3.11.1.jar;C:\Users\nly98977\.m2\repository\org\mockito\mockito-core\2.23.4\mockito-core-2.23.4.jar;C:\Users\nly98977\.m2\repository\net\bytebuddy\byte-buddy\1.9.12\byte-buddy-1.9.12.jar;C:\Users\nly98977\.m2\repository\net\bytebuddy\byte-buddy-agent\1.9.12\byte-buddy-agent-1.9.12.jar;C:\Users\nly98977\.m2\repository\org\objenesis\objenesis\2.6\objenesis-2.6.jar;C:\Users\nly98977\.m2\repository\org\hamcrest\hamcrest-core\1.3\hamcrest-core-1.3.jar;C:\Users\nly98977\.m2\repository\org\hamcrest\hamcrest-library\1.3\hamcrest-library-1.3.jar;C:\Users\nly98977\.m2\repository\org\skyscreamer\jsonassert\1.5.0\jsonassert-1.5.0.jar;C:\Users\nly98977\.m2\repository\com\vaadin\external\google\android-json\0.0.20131108.vaadin1\android-json-0.0.20131108.vaadin1.jar;C:\Users\nly98977\.m2\repository\org\xmlunit\xmlunit-core\2.6.2\xmlunit-core-2.6.2.jar;C:\Users\nly98977\.m2\repository\org\springframework\boot\spring-boot-test\2.1.5.RELEASE\spring-boot-test-2.1.5.RELEASE.jar;C:\Users\nly98977\.m2\repository\org\springframework\spring-test\5.1.7.RELEASE\spring-test-5.1.7.RELEASE.jar;C:\Users\nly98977\.m2\repository\ca\uhn\hapi\fhir\hapi-fhir-base\3.7.0\hapi-fhir-base-3.7.0.jar;C:\Users\nly98977\.m2\repository\com\google\code\gson\gson\2.8.5\gson-2.8.5.jar;C:\Users\nly98977\.m2\repository\org\apache\commons\commons-lang3\3.8.1\commons-lang3-3.8.1.jar;C:\Users\nly98977\.m2\repository\org\apache\commons\commons-text\1.6\commons-text-1.6.jar;C:\Users\nly98977\.m2\repository\commons-codec\commons-codec\1.11\commons-codec-1.11.jar;C:\Users\nly98977\.m2\repository\commons-io\commons-io\2.6\commons-io-2.6.jar;C:\Users\nly98977\.m2\repository\com\google\guava\guava\25.0-jre\guava-25.0-jre.jar;C:\Users\nly98977\.m2\repository\com\google\code\findbugs\jsr305\1.3.9\jsr305-1.3.9.jar;C:\Users\nly98977\.m2\repository\org\checkerframework\checker-compat-qual\2.0.0\checker-compat-qual-2.0.0.jar;C:\Users\nly98977\.m2\repository\com\google\errorprone\error_prone_annotations\2.1.3\error_prone_annotations-2.1.3.jar;C:\Users\nly98977\.m2\repository\com\google\j2objc\j2objc-annotations\1.1\j2objc-annotations-1.1.jar;C:\Users\nly98977\.m2\repository\org\codehaus\mojo\animal-sniffer-annotations\1.14\animal-sniffer-annotations-1.14.jar;C:\Users\nly98977\.m2\repository\org\slf4j\slf4j-api\1.7.26\slf4j-api-1.7.26.jar;C:\Users\nly98977\.m2\repository\org\slf4j\jcl-over-slf4j\1.7.26\jcl-over-slf4j-1.7.26.jar;C:\Users\nly98977\.m2\repository\ca\uhn\hapi\fhir\hapi-fhir-structures-r4\3.7.0\hapi-fhir-structures-r4-3.7.0.jar;C:\Users\nly98977\.m2\repository\ca\uhn\hapi\fhir\hapi-fhir-utilities\3.7.0\hapi-fhir-utilities-3.7.0.jar;C:\Users\nly98977\.m2\repository\org\glassfish\jaxb\jaxb-runtime\2.3.1\jaxb-runtime-2.3.1.jar;C:\Users\nly98977\.m2\repository\org\glassfish\jaxb\txw2\2.3.1\txw2-2.3.1.jar;C:\Users\nly98977\.m2\repository\com\sun\istack\istack-commons-runtime\3.0.7\istack-commons-runtime-3.0.7.jar;C:\Users\nly98977\.m2\repository\org\jvnet\staxex\stax-ex\1.8\stax-ex-1.8.jar;C:\Users\nly98977\.m2\repository\com\sun\xml\fastinfoset\FastInfoset\1.2.15\FastInfoset-1.2.15.jar;C:\Users\nly98977\.m2\repository\ca\uhn\hapi\fhir\hapi-fhir-client\3.7.0\hapi-fhir-client-3.7.0.jar;C:\Users\nly98977\.m2\repository\org\apache\httpcomponents\httpclient\4.5.8\httpclient-4.5.8.jar;C:\Users\nly98977\.m2\repository\org\apache\httpcomponents\httpcore\4.4.11\httpcore-4.4.11.jar;C:\Users\nly98977\.m2\repository\org\webjars\jquery\2.1.1\jquery-2.1.1.jar;C:\Users\nly98977\.m2\repository\org\webjars\bootstrap\3.2.0\bootstrap-3.2.0.jar;C:\Users\nly98977\.m2\repository\org\webjars\webjars-locator-core\0.35\webjars-locator-core-0.35.jar;C:\Users\nly98977\.m2\repository\org\apache\commons\commons-compress\1.9\commons-compress-1.9.jar;C:\Users\nly98977\.m2\repository\com\fasterxml\jackson\core\jackson-core\2.9.8\jackson-core-2.9.8.jar;C:\Users\nly98977\.m2\repository\org\webjars\js-cookie\2.1.0\js-cookie-2.1.0.jar;"/>
    <property name="java.vm.vendor" value="Oracle Corporation"/>
    <property name="sun.arch.data.model" value="64"/>
    <property name="user.variant" value=""/>
    <property name="java.vendor.url" value="https://java.oracle.com/"/>
    <property name="user.timezone" value="Europe/Berlin"/>
    <property name="os.name" value="Windows 10"/>
    <property name="java.vm.specification.version" value="12"/>
    <property name="sun.java.launcher" value="SUN_STANDARD"/>
    <property name="user.country" value="US"/>
    <property name="sun.boot.library.path" value="C:\Program Files\Java\jdk-12.0.1\bin"/>
    <property name="sun.java.command" value="C:\Users\nly98977\AppData\Local\Temp\surefire4526779498518087565\surefirebooter6935995564903613060.jar C:\Users\nly98977\AppData\Local\Temp\surefire4526779498518087565 2019-06-27T12-07-47_831-jvmRun1 surefire1686501272460300482tmp surefire_09760901511124290823tmp"/>
    <property name="jdk.debug" value="release"/>
    <property name="surefire.test.class.path" value="C:\Data\CONNECT\github\fhir-cast-dev-auth\worklist\target\test-classes;C:\Data\CONNECT\github\fhir-cast-dev-auth\worklist\target\classes;C:\Users\nly98977\.m2\repository\org\springframework\boot\spring-boot-starter-web\2.1.5.RELEASE\spring-boot-starter-web-2.1.5.RELEASE.jar;C:\Users\nly98977\.m2\repository\org\springframework\boot\spring-boot-starter\2.1.5.RELEASE\spring-boot-starter-2.1.5.RELEASE.jar;C:\Users\nly98977\.m2\repository\org\springframework\boot\spring-boot-starter-logging\2.1.5.RELEASE\spring-boot-starter-logging-2.1.5.RELEASE.jar;C:\Users\nly98977\.m2\repository\ch\qos\logback\logback-classic\1.2.3\logback-classic-1.2.3.jar;C:\Users\nly98977\.m2\repository\ch\qos\logback\logback-core\1.2.3\logback-core-1.2.3.jar;C:\Users\nly98977\.m2\repository\org\apache\logging\log4j\log4j-to-slf4j\2.11.2\log4j-to-slf4j-2.11.2.jar;C:\Users\nly98977\.m2\repository\org\apache\logging\log4j\log4j-api\2.11.2\log4j-api-2.11.2.jar;C:\Users\nly98977\.m2\repository\org\slf4j\jul-to-slf4j\1.7.26\jul-to-slf4j-1.7.26.jar;C:\Users\nly98977\.m2\repository\javax\annotation\javax.annotation-api\1.3.2\javax.annotation-api-1.3.2.jar;C:\Users\nly98977\.m2\repository\org\yaml\snakeyaml\1.23\snakeyaml-1.23.jar;C:\Users\nly98977\.m2\repository\org\springframework\boot\spring-boot-starter-json\2.1.5.RELEASE\spring-boot-starter-json-2.1.5.RELEASE.jar;C:\Users\nly98977\.m2\repository\com\fasterxml\jackson\datatype\jackson-datatype-jdk8\2.9.8\jackson-datatype-jdk8-2.9.8.jar;C:\Users\nly98977\.m2\repository\com\fasterxml\jackson\datatype\jackson-datatype-jsr310\2.9.8\jackson-datatype-jsr310-2.9.8.jar;C:\Users\nly98977\.m2\repository\com\fasterxml\jackson\module\jackson-module-parameter-names\2.9.8\jackson-module-parameter-names-2.9.8.jar;C:\Users\nly98977\.m2\repository\org\springframework\boot\spring-boot-starter-tomcat\2.1.5.RELEASE\spring-boot-starter-tomcat-2.1.5.RELEASE.jar;C:\Users\nly98977\.m2\repository\org\apache\tomcat\embed\tomcat-embed-core\9.0.19\tomcat-embed-core-9.0.19.jar;C:\Users\nly98977\.m2\repository\org\apache\tomcat\embed\tomcat-embed-el\9.0.19\tomcat-embed-el-9.0.19.jar;C:\Users\nly98977\.m2\repository\org\apache\tomcat\embed\tomcat-embed-websocket\9.0.19\tomcat-embed-websocket-9.0.19.jar;C:\Users\nly98977\.m2\repository\org\hibernate\validator\hibernate-validator\6.0.16.Final\hibernate-validator-6.0.16.Final.jar;C:\Users\nly98977\.m2\repository\javax\validation\validation-api\2.0.1.Final\validation-api-2.0.1.Final.jar;C:\Users\nly98977\.m2\repository\org\jboss\logging\jboss-logging\3.3.2.Final\jboss-logging-3.3.2.Final.jar;C:\Users\nly98977\.m2\repository\com\fasterxml\classmate\1.4.0\classmate-1.4.0.jar;C:\Users\nly98977\.m2\repository\org\springframework\boot\spring-boot-starter-jetty\2.1.5.RELEASE\spring-boot-starter-jetty-2.1.5.RELEASE.jar;C:\Users\nly98977\.m2\repository\org\eclipse\jetty\jetty-servlets\9.4.18.v20190429\jetty-servlets-9.4.18.v20190429.jar;C:\Users\nly98977\.m2\repository\org\eclipse\jetty\jetty-continuation\9.4.18.v20190429\jetty-continuation-9.4.18.v20190429.jar;C:\Users\nly98977\.m2\repository\org\eclipse\jetty\jetty-http\9.4.18.v20190429\jetty-http-9.4.18.v20190429.jar;C:\Users\nly98977\.m2\repository\org\eclipse\jetty\jetty-util\9.4.18.v20190429\jetty-util-9.4.18.v20190429.jar;C:\Users\nly98977\.m2\repository\org\eclipse\jetty\jetty-io\9.4.18.v20190429\jetty-io-9.4.18.v20190429.jar;C:\Users\nly98977\.m2\repository\org\eclipse\jetty\jetty-webapp\9.4.18.v20190429\jetty-webapp-9.4.18.v20190429.jar;C:\Users\nly98977\.m2\repository\org\eclipse\jetty\jetty-xml\9.4.18.v20190429\jetty-xml-9.4.18.v20190429.jar;C:\Users\nly98977\.m2\repository\org\eclipse\jetty\jetty-servlet\9.4.18.v20190429\jetty-servlet-9.4.18.v20190429.jar;C:\Users\nly98977\.m2\repository\org\eclipse\jetty\jetty-security\9.4.18.v20190429\jetty-security-9.4.18.v20190429.jar;C:\Users\nly98977\.m2\repository\org\eclipse\jetty\jetty-server\9.4.18.v20190429\jetty-server-9.4.18.v20190429.jar;C:\Users\nly98977\.m2\repository\org\eclipse\jetty\websocket\websocket-server\9.4.18.v20190429\websocket-server-9.4.18.v20190429.jar;C:\Users\nly98977\.m2\repository\org\eclipse\jetty\websocket\websocket-common\9.4.18.v20190429\websocket-common-9.4.18.v20190429.jar;C:\Users\nly98977\.m2\repository\org\eclipse\jetty\websocket\websocket-api\9.4.18.v20190429\websocket-api-9.4.18.v20190429.jar;C:\Users\nly98977\.m2\repository\org\eclipse\jetty\websocket\websocket-client\9.4.18.v20190429\websocket-client-9.4.18.v20190429.jar;C:\Users\nly98977\.m2\repository\org\eclipse\jetty\jetty-client\9.4.18.v20190429\jetty-client-9.4.18.v20190429.jar;C:\Users\nly98977\.m2\repository\org\eclipse\jetty\websocket\websocket-servlet\9.4.18.v20190429\websocket-servlet-9.4.18.v20190429.jar;C:\Users\nly98977\.m2\repository\org\eclipse\jetty\websocket\javax-websocket-server-impl\9.4.18.v20190429\javax-websocket-server-impl-9.4.18.v20190429.jar;C:\Users\nly98977\.m2\repository\org\eclipse\jetty\jetty-annotations\9.4.18.v20190429\jetty-annotations-9.4.18.v20190429.jar;C:\Users\nly98977\.m2\repository\org\eclipse\jetty\jetty-plus\9.4.18.v20190429\jetty-plus-9.4.18.v20190429.jar;C:\Users\nly98977\.m2\repository\org\ow2\asm\asm\7.0\asm-7.0.jar;C:\Users\nly98977\.m2\repository\org\ow2\asm\asm-commons\7.0\asm-commons-7.0.jar;C:\Users\nly98977\.m2\repository\org\ow2\asm\asm-tree\7.0\asm-tree-7.0.jar;C:\Users\nly98977\.m2\repository\org\ow2\asm\asm-analysis\7.0\asm-analysis-7.0.jar;C:\Users\nly98977\.m2\repository\org\eclipse\jetty\websocket\javax-websocket-client-impl\9.4.18.v20190429\javax-websocket-client-impl-9.4.18.v20190429.jar;C:\Users\nly98977\.m2\repository\javax\websocket\javax.websocket-api\1.1\javax.websocket-api-1.1.jar;C:\Users\nly98977\.m2\repository\org\mortbay\jasper\apache-el\8.5.40\apache-el-8.5.40.jar;C:\Users\nly98977\.m2\repository\org\springframework\security\oauth\boot\spring-security-oauth2-autoconfigure\2.1.5.RELEASE\spring-security-oauth2-autoconfigure-2.1.5.RELEASE.jar;C:\Users\nly98977\.m2\repository\com\fasterxml\jackson\core\jackson-annotations\2.9.0\jackson-annotations-2.9.0.jar;C:\Users\nly98977\.m2\repository\com\fasterxml\jackson\core\jackson-databind\2.9.8\jackson-databind-2.9.8.jar;C:\Users\nly98977\.m2\repository\com\sun\xml\bind\jaxb-core\2.3.0.1\jaxb-core-2.3.0.1.jar;C:\Users\nly98977\.m2\repository\com\sun\xml\bind\jaxb-impl\2.3.0.1\jaxb-impl-2.3.0.1.jar;C:\Users\nly98977\.m2\repository\javax\xml\bind\jaxb-api\2.3.1\jaxb-api-2.3.1.jar;C:\Users\nly98977\.m2\repository\javax\activation\javax.activation-api\1.2.0\javax.activation-api-1.2.0.jar;C:\Users\nly98977\.m2\repository\org\springframework\boot\spring-boot\2.1.5.RELEASE\spring-boot-2.1.5.RELEASE.jar;C:\Users\nly98977\.m2\repository\org\springframework\boot\spring-boot-autoconfigure\2.1.5.RELEASE\spring-boot-autoconfigure-2.1.5.RELEASE.jar;C:\Users\nly98977\.m2\repository\org\springframework\security\oauth\spring-security-oauth2\2.3.5.RELEASE\spring-security-oauth2-2.3.5.RELEASE.jar;C:\Users\nly98977\.m2\repository\org\springframework\security\spring-security-core\5.1.5.RELEASE\spring-security-core-5.1.5.RELEASE.jar;C:\Users\nly98977\.m2\repository\org\springframework\security\spring-security-config\5.1.5.RELEASE\spring-security-config-5.1.5.RELEASE.jar;C:\Users\nly98977\.m2\repository\org\springframework\security\spring-security-web\5.1.5.RELEASE\spring-security-web-5.1.5.RELEASE.jar;C:\Users\nly98977\.m2\repository\org\codehaus\jackson\jackson-mapper-asl\1.9.13\jackson-mapper-asl-1.9.13.jar;C:\Users\nly98977\.m2\repository\org\codehaus\jackson\jackson-core-asl\1.9.13\jackson-core-asl-1.9.13.jar;C:\Users\nly98977\.m2\repository\org\springframework\security\spring-security-jwt\1.0.10.RELEASE\spring-security-jwt-1.0.10.RELEASE.jar;C:\Users\nly98977\.m2\repository\org\bouncycastle\bcpkix-jdk15on\1.60\bcpkix-jdk15on-1.60.jar;C:\Users\nly98977\.m2\repository\org\bouncycastle\bcprov-jdk15on\1.60\bcprov-jdk15on-1.60.jar;C:\Users\nly98977\.m2\repository\org\springframework\spring-web\5.1.7.RELEASE\spring-web-5.1.7.RELEASE.jar;C:\Users\nly98977\.m2\repository\org\springframework\spring-beans\5.1.7.RELEASE\spring-beans-5.1.7.RELEASE.jar;C:\Users\nly98977\.m2\repository\org\springframework\spring-core\5.1.7.RELEASE\spring-core-5.1.7.RELEASE.jar;C:\Users\nly98977\.m2\repository\org\springframework\spring-jcl\5.1.7.RELEASE\spring-jcl-5.1.7.RELEASE.jar;C:\Users\nly98977\.m2\repository\org\springframework\spring-webmvc\5.1.7.RELEASE\spring-webmvc-5.1.7.RELEASE.jar;C:\Users\nly98977\.m2\repository\org\springframework\spring-aop\5.1.7.RELEASE\spring-aop-5.1.7.RELEASE.jar;C:\Users\nly98977\.m2\repository\org\springframework\spring-context\5.1.7.RELEASE\spring-context-5.1.7.RELEASE.jar;C:\Users\nly98977\.m2\repository\org\springframework\spring-expression\5.1.7.RELEASE\spring-expression-5.1.7.RELEASE.jar;C:\Users\nly98977\.m2\repository\javax\servlet\javax.servlet-api\4.0.1\javax.servlet-api-4.0.1.jar;C:\Users\nly98977\.m2\repository\org\projectlombok\lombok\1.18.8\lombok-1.18.8.jar;C:\Users\nly98977\.m2\repository\org\springframework\boot\spring-boot-starter-test\2.1.5.RELEASE\spring-boot-starter-test-2.1.5.RELEASE.jar;C:\Users\nly98977\.m2\repository\org\springframework\boot\spring-boot-test-autoconfigure\2.1.5.RELEASE\spring-boot-test-autoconfigure-2.1.5.RELEASE.jar;C:\Users\nly98977\.m2\repository\com\jayway\jsonpath\json-path\2.4.0\json-path-2.4.0.jar;C:\Users\nly98977\.m2\repository\net\minidev\json-smart\2.3\json-smart-2.3.jar;C:\Users\nly98977\.m2\repository\net\minidev\accessors-smart\1.2\accessors-smart-1.2.jar;C:\Users\nly98977\.m2\repository\junit\junit\4.12\junit-4.12.jar;C:\Users\nly98977\.m2\repository\org\assertj\assertj-core\3.11.1\assertj-core-3.11.1.jar;C:\Users\nly98977\.m2\repository\org\mockito\mockito-core\2.23.4\mockito-core-2.23.4.jar;C:\Users\nly98977\.m2\repository\net\bytebuddy\byte-buddy\1.9.12\byte-buddy-1.9.12.jar;C:\Users\nly98977\.m2\repository\net\bytebuddy\byte-buddy-agent\1.9.12\byte-buddy-agent-1.9.12.jar;C:\Users\nly98977\.m2\repository\org\objenesis\objenesis\2.6\objenesis-2.6.jar;C:\Users\nly98977\.m2\repository\org\hamcrest\hamcrest-core\1.3\hamcrest-core-1.3.jar;C:\Users\nly98977\.m2\repository\org\hamcrest\hamcrest-library\1.3\hamcrest-library-1.3.jar;C:\Users\nly98977\.m2\repository\org\skyscreamer\jsonassert\1.5.0\jsonassert-1.5.0.jar;C:\Users\nly98977\.m2\repository\com\vaadin\external\google\android-json\0.0.20131108.vaadin1\android-json-0.0.20131108.vaadin1.jar;C:\Users\nly98977\.m2\repository\org\xmlunit\xmlunit-core\2.6.2\xmlunit-core-2.6.2.jar;C:\Users\nly98977\.m2\repository\org\springframework\boot\spring-boot-test\2.1.5.RELEASE\spring-boot-test-2.1.5.RELEASE.jar;C:\Users\nly98977\.m2\repository\org\springframework\spring-test\5.1.7.RELEASE\spring-test-5.1.7.RELEASE.jar;C:\Users\nly98977\.m2\repository\ca\uhn\hapi\fhir\hapi-fhir-base\3.7.0\hapi-fhir-base-3.7.0.jar;C:\Users\nly98977\.m2\repository\com\google\code\gson\gson\2.8.5\gson-2.8.5.jar;C:\Users\nly98977\.m2\repository\org\apache\commons\commons-lang3\3.8.1\commons-lang3-3.8.1.jar;C:\Users\nly98977\.m2\repository\org\apache\commons\commons-text\1.6\commons-text-1.6.jar;C:\Users\nly98977\.m2\repository\commons-codec\commons-codec\1.11\commons-codec-1.11.jar;C:\Users\nly98977\.m2\repository\commons-io\commons-io\2.6\commons-io-2.6.jar;C:\Users\nly98977\.m2\repository\com\google\guava\guava\25.0-jre\guava-25.0-jre.jar;C:\Users\nly98977\.m2\repository\com\google\code\findbugs\jsr305\1.3.9\jsr305-1.3.9.jar;C:\Users\nly98977\.m2\repository\org\checkerframework\checker-compat-qual\2.0.0\checker-compat-qual-2.0.0.jar;C:\Users\nly98977\.m2\repository\com\google\errorprone\error_prone_annotations\2.1.3\error_prone_annotations-2.1.3.jar;C:\Users\nly98977\.m2\repository\com\google\j2objc\j2objc-annotations\1.1\j2objc-annotations-1.1.jar;C:\Users\nly98977\.m2\repository\org\codehaus\mojo\animal-sniffer-annotations\1.14\animal-sniffer-annotations-1.14.jar;C:\Users\nly98977\.m2\repository\org\slf4j\slf4j-api\1.7.26\slf4j-api-1.7.26.jar;C:\Users\nly98977\.m2\repository\org\slf4j\jcl-over-slf4j\1.7.26\jcl-over-slf4j-1.7.26.jar;C:\Users\nly98977\.m2\repository\ca\uhn\hapi\fhir\hapi-fhir-structures-r4\3.7.0\hapi-fhir-structures-r4-3.7.0.jar;C:\Users\nly98977\.m2\repository\ca\uhn\hapi\fhir\hapi-fhir-utilities\3.7.0\hapi-fhir-utilities-3.7.0.jar;C:\Users\nly98977\.m2\repository\org\glassfish\jaxb\jaxb-runtime\2.3.1\jaxb-runtime-2.3.1.jar;C:\Users\nly98977\.m2\repository\org\glassfish\jaxb\txw2\2.3.1\txw2-2.3.1.jar;C:\Users\nly98977\.m2\repository\com\sun\istack\istack-commons-runtime\3.0.7\istack-commons-runtime-3.0.7.jar;C:\Users\nly98977\.m2\repository\org\jvnet\staxex\stax-ex\1.8\stax-ex-1.8.jar;C:\Users\nly98977\.m2\repository\com\sun\xml\fastinfoset\FastInfoset\1.2.15\FastInfoset-1.2.15.jar;C:\Users\nly98977\.m2\repository\ca\uhn\hapi\fhir\hapi-fhir-client\3.7.0\hapi-fhir-client-3.7.0.jar;C:\Users\nly98977\.m2\repository\org\apache\httpcomponents\httpclient\4.5.8\httpclient-4.5.8.jar;C:\Users\nly98977\.m2\repository\org\apache\httpcomponents\httpcore\4.4.11\httpcore-4.4.11.jar;C:\Users\nly98977\.m2\repository\org\webjars\jquery\2.1.1\jquery-2.1.1.jar;C:\Users\nly98977\.m2\repository\org\webjars\bootstrap\3.2.0\bootstrap-3.2.0.jar;C:\Users\nly98977\.m2\repository\org\webjars\webjars-locator-core\0.35\webjars-locator-core-0.35.jar;C:\Users\nly98977\.m2\repository\org\apache\commons\commons-compress\1.9\commons-compress-1.9.jar;C:\Users\nly98977\.m2\repository\com\fasterxml\jackson\core\jackson-core\2.9.8\jackson-core-2.9.8.jar;C:\Users\nly98977\.m2\repository\org\webjars\js-cookie\2.1.0\js-cookie-2.1.0.jar;"/>
    <property name="sun.cpu.endian" value="little"/>
    <property name="user.home" value="C:\Users\nly98977"/>
    <property name="user.language" value="en"/>
    <property name="java.specification.vendor" value="Oracle Corporation"/>
    <property name="java.version.date" value="2019-04-16"/>
    <property name="java.home" value="C:\Program Files\Java\jdk-12.0.1"/>
    <property name="file.separator" value="\"/>
    <property name="basedir" value="C:\Data\CONNECT\github\fhir-cast-dev-auth\worklist"/>
    <property name="java.vm.compressedOopsMode" value="32-bit"/>
    <property name="line.separator" value="&#10;"/>
    <property name="java.vm.specification.vendor" value="Oracle Corporation"/>
    <property name="java.specification.name" value="Java Platform API Specification"/>
    <property name="java.awt.graphicsenv" value="sun.awt.Win32GraphicsEnvironment"/>
    <property name="surefire.real.class.path" value="C:\Users\nly98977\AppData\Local\Temp\surefire4526779498518087565\surefirebooter6935995564903613060.jar"/>
    <property name="user.script" value=""/>
    <property name="sun.management.compiler" value="HotSpot 64-Bit Tiered Compilers"/>
    <property name="java.runtime.version" value="12.0.1+12"/>
    <property name="user.name" value="nly98977"/>
    <property name="path.separator" value=";"/>
    <property name="os.version" value="10.0"/>
    <property name="java.runtime.name" value="Java(TM) SE Runtime Environment"/>
    <property name="file.encoding" value="Cp1252"/>
    <property name="java.vm.name" value="Java HotSpot(TM) 64-Bit Server VM"/>
    <property name="localRepository" value="C:\Users\nly98977\.m2\repository"/>
    <property name="java.vendor.url.bug" value="https://bugreport.java.com/bugreport/"/>
    <property name="java.io.tmpdir" value="C:\Users\nly98977\AppData\Local\Temp\"/>
    <property name="java.version" value="12.0.1"/>
    <property name="user.dir" value="C:\Data\CONNECT\github\fhir-cast-dev-auth\worklist"/>
    <property name="os.arch" value="amd64"/>
    <property name="java.vm.specification.name" value="Java Virtual Machine Specification"/>
    <property name="idea.version2019.1.3" value="true"/>
    <property name="sun.os.patch.level" value=""/>
    <property name="java.library.path" value="C:\Program Files\Java\jdk-12.0.1\bin;C:\WINDOWS\Sun\Java\bin;C:\WINDOWS\system32;C:\WINDOWS;C:\WINDOWS\system32;C:\WINDOWS;C:\WINDOWS\System32\Wbem;C:\WINDOWS\System32\WindowsPowerShell\v1.0\;C:\WINDOWS\System32\OpenSSH\;C:\Program Files\Git\cmd;C:\Program Files\nodejs\;C:\Users\nly98977\AppData\Local\Microsoft\WindowsApps;C:\Users\nly98977\AppData\Roaming\npm;."/>
    <property name="java.vm.info" value="mixed mode, sharing"/>
    <property name="java.vendor" value="Oracle Corporation"/>
    <property name="java.vm.version" value="12.0.1+12"/>
    <property name="sun.io.unicode.encoding" value="UnicodeLittle"/>
    <property name="java.class.version" value="56.0"/>
  </properties>
  <testcase name="getCapabilityStatementFromTestServer" classname="org.github.philipsonfhir.smartonfhir.basic.controller.service.FhirServerTest" time="5.427">
    <error message="Failed to retrieve the server metadata statement during client initialization. URL used was http://localhost:9504/hapi-fhir-jpaserver/fhir/metadata" type="ca.uhn.fhir.rest.client.exceptions.FhirClientConnectionException">ca.uhn.fhir.rest.client.exceptions.FhirClientConnectionException: Failed to retrieve the server metadata statement during client initialization. URL used was http://localhost:9504/hapi-fhir-jpaserver/fhir/metadata
	at org.github.philipsonfhir.smartonfhir.basic.controller.service.FhirServerTest.getCapabilityStatementFromTestServer(FhirServerTest.java:12)
Caused by: ca.uhn.fhir.rest.client.exceptions.FhirClientConnectionException: Failed to parse response from server when performing GET to URL http://localhost:9504/hapi-fhir-jpaserver/fhir/metadata - org.apache.http.conn.HttpHostConnectException: Connect to localhost:9504 [localhost/127.0.0.1, localhost/0:0:0:0:0:0:0:1] failed: Connection refused: connect
	at org.github.philipsonfhir.smartonfhir.basic.controller.service.FhirServerTest.getCapabilityStatementFromTestServer(FhirServerTest.java:12)
Caused by: org.apache.http.conn.HttpHostConnectException: Connect to localhost:9504 [localhost/127.0.0.1, localhost/0:0:0:0:0:0:0:1] failed: Connection refused: connect
	at org.github.philipsonfhir.smartonfhir.basic.controller.service.FhirServerTest.getCapabilityStatementFromTestServer(FhirServerTest.java:12)
Caused by: java.net.ConnectException: Connection refused: connect
	at org.github.philipsonfhir.smartonfhir.basic.controller.service.FhirServerTest.getCapabilityStatementFromTestServer(FhirServerTest.java:12)
</error>
    <system-out><![CDATA[12:07:51.796 [main] INFO ca.uhn.fhir.util.VersionUtil - HAPI FHIR version 3.7.0 - Rev f2560071c8
12:07:51.811 [main] INFO ca.uhn.fhir.context.FhirContext - Creating new FHIR context for FHIR version [R4]
12:07:52.687 [main] INFO ca.uhn.fhir.util.XmlUtil - Unable to determine StAX implementation: java.xml/META-INF/MANIFEST.MF not found
12:07:52.689 [main] DEBUG ca.uhn.fhir.util.XmlUtil - WstxOutputFactory (Woodstox) not found on classpath
12:07:53.990 [main] DEBUG ca.uhn.fhir.context.ModelScanner - Scanning datatype class: org.hl7.fhir.r4.model.UsageContext
12:07:54.014 [main] DEBUG ca.uhn.fhir.context.ModelScanner - Scanning datatype class: org.hl7.fhir.r4.model.TriggerDefinition
12:07:54.015 [main] DEBUG ca.uhn.fhir.context.ModelScanner - Scanning datatype class: org.hl7.fhir.r4.model.HumanName
12:07:54.018 [main] DEBUG ca.uhn.fhir.context.ModelScanner - Scanning datatype class: org.hl7.fhir.r4.model.Dosage
12:07:54.021 [main] DEBUG ca.uhn.fhir.context.ModelScanner - Scanning datatype class: org.hl7.fhir.r4.model.Ratio
12:07:54.023 [main] DEBUG ca.uhn.fhir.context.ModelScanner - Scanning resource class: org.hl7.fhir.r4.model.MarkdownType
12:07:54.024 [main] DEBUG ca.uhn.fhir.context.ModelScanner - Scanning datatype class: org.hl7.fhir.r4.model.Attachment
12:07:54.026 [main] DEBUG ca.uhn.fhir.context.ModelScanner - Scanning datatype class: org.hl7.fhir.r4.model.Expression
12:07:54.027 [main] DEBUG ca.uhn.fhir.context.ModelScanner - Scanning datatype class: org.hl7.fhir.r4.model.DataRequirement
12:07:54.029 [main] DEBUG ca.uhn.fhir.context.ModelScanner - Scanning datatype class: org.hl7.fhir.r4.model.SubstanceAmount
12:07:54.031 [main] DEBUG ca.uhn.fhir.context.ModelScanner - Scanning resource class: org.hl7.fhir.r4.model.CanonicalType
12:07:54.031 [main] DEBUG ca.uhn.fhir.context.ModelScanner - Scanning datatype class: org.hl7.fhir.r4.model.Signature
12:07:54.034 [main] DEBUG ca.uhn.fhir.context.ModelScanner - Scanning resource class: org.hl7.fhir.r4.model.InstantType
12:07:54.035 [main] DEBUG ca.uhn.fhir.context.ModelScanner - Scanning resource class: org.hl7.fhir.r4.model.DecimalType
12:07:54.035 [main] DEBUG ca.uhn.fhir.context.ModelScanner - Scanning datatype class: org.hl7.fhir.r4.model.Coding
12:07:54.037 [main] DEBUG ca.uhn.fhir.context.ModelScanner - Scanning resource class: org.hl7.fhir.r4.model.IntegerType
12:07:54.037 [main] DEBUG ca.uhn.fhir.context.ModelScanner - Scanning datatype class: org.hl7.fhir.r4.model.Period
12:07:54.038 [main] DEBUG ca.uhn.fhir.context.ModelScanner - Scanning resource class: org.hl7.fhir.r4.model.UnsignedIntType
12:07:54.038 [main] DEBUG ca.uhn.fhir.context.ModelScanner - Scanning datatype class: org.hl7.fhir.r4.model.ProductShelfLife
12:07:54.039 [main] DEBUG ca.uhn.fhir.context.ModelScanner - Scanning resource class: org.hl7.fhir.r4.model.DateTimeType
12:07:54.040 [main] DEBUG ca.uhn.fhir.context.ModelScanner - Scanning datatype class: org.hl7.fhir.r4.model.SimpleQuantity
12:07:54.041 [main] DEBUG ca.uhn.fhir.context.ModelScanner - Scanning resource class: org.hl7.fhir.r4.model.PositiveIntType
12:07:54.041 [main] DEBUG ca.uhn.fhir.context.ModelScanner - Scanning resource class: org.hl7.fhir.r4.model.UriType
12:07:54.041 [main] DEBUG ca.uhn.fhir.context.ModelScanner - Scanning datatype class: org.hl7.fhir.r4.model.ProdCharacteristic
12:07:54.043 [main] DEBUG ca.uhn.fhir.context.ModelScanner - Scanning datatype class: org.hl7.fhir.r4.model.Age
12:07:54.044 [main] DEBUG ca.uhn.fhir.context.ModelScanner - Scanning resource class: org.hl7.fhir.r4.model.CodeType
12:07:54.044 [main] DEBUG ca.uhn.fhir.context.ModelScanner - Scanning datatype class: org.hl7.fhir.r4.model.ParameterDefinition
12:07:54.045 [main] DEBUG ca.uhn.fhir.context.ModelScanner - Scanning datatype class: org.hl7.fhir.r4.model.Timing
12:07:54.046 [main] DEBUG ca.uhn.fhir.context.ModelScanner - Scanning resource class: org.hl7.fhir.r4.model.OidType
12:07:54.047 [main] DEBUG ca.uhn.fhir.context.ModelScanner - Scanning datatype class: org.hl7.fhir.r4.model.Population
12:07:54.047 [main] DEBUG ca.uhn.fhir.context.ModelScanner - Scanning datatype class: org.hl7.fhir.r4.model.ContactPoint
12:07:54.049 [main] DEBUG ca.uhn.fhir.context.ModelScanner - Scanning datatype class: org.hl7.fhir.r4.model.Narrative
12:07:54.049 [main] DEBUG ca.uhn.fhir.context.ModelScanner - Scanning datatype class: org.hl7.fhir.r4.model.CodeableConcept
12:07:54.050 [main] DEBUG ca.uhn.fhir.context.ModelScanner - Scanning datatype class: org.hl7.fhir.r4.model.Count
12:07:54.050 [main] DEBUG ca.uhn.fhir.context.ModelScanner - Scanning datatype class: org.hl7.fhir.r4.model.Money
12:07:54.051 [main] DEBUG ca.uhn.fhir.context.ModelScanner - Scanning datatype class: org.hl7.fhir.r4.model.Contributor
12:07:54.052 [main] DEBUG ca.uhn.fhir.context.ModelScanner - Scanning resource class: org.hl7.fhir.r4.model.StringType
12:07:54.053 [main] DEBUG ca.uhn.fhir.context.ModelScanner - Scanning datatype class: org.hl7.fhir.r4.model.Meta
12:07:54.055 [main] DEBUG ca.uhn.fhir.context.ModelScanner - Scanning datatype class: org.hl7.fhir.r4.model.Range
12:07:54.056 [main] DEBUG ca.uhn.fhir.context.ModelScanner - Scanning datatype class: org.hl7.fhir.r4.model.Distance
12:07:54.056 [main] DEBUG ca.uhn.fhir.context.ModelScanner - Scanning resource class: org.hl7.fhir.r4.model.Enumeration
12:07:54.057 [main] DEBUG ca.uhn.fhir.context.ModelScanner - Scanning datatype class: org.hl7.fhir.r4.model.ElementDefinition
12:07:54.066 [main] DEBUG ca.uhn.fhir.context.ModelScanner - Scanning resource class: org.hl7.fhir.r4.model.BooleanType
12:07:54.067 [main] DEBUG ca.uhn.fhir.context.ModelScanner - Scanning datatype class: org.hl7.fhir.r4.model.ContactDetail
12:07:54.068 [main] DEBUG ca.uhn.fhir.context.ModelScanner - Scanning datatype class: org.hl7.fhir.r4.model.Quantity
12:07:54.068 [main] DEBUG ca.uhn.fhir.context.ModelScanner - Scanning datatype class: org.hl7.fhir.r4.model.MarketingStatus
12:07:54.069 [main] DEBUG ca.uhn.fhir.context.ModelScanner - Scanning datatype class: org.hl7.fhir.r4.model.SubstanceMoiety
12:07:54.071 [main] DEBUG ca.uhn.fhir.context.ModelScanner - Scanning datatype class: org.hl7.fhir.r4.model.Extension
12:07:54.071 [main] DEBUG ca.uhn.fhir.context.ModelScanner - Scanning resource class: org.hl7.fhir.r4.model.UrlType
12:07:54.071 [main] DEBUG ca.uhn.fhir.context.ModelScanner - Scanning resource class: org.hl7.fhir.r4.model.TimeType
12:07:54.072 [main] DEBUG ca.uhn.fhir.context.ModelScanner - Scanning datatype class: org.hl7.fhir.r4.model.Address
12:07:54.073 [main] DEBUG ca.uhn.fhir.context.ModelScanner - Scanning resource class: org.hl7.fhir.r4.model.IdType
12:07:54.073 [main] DEBUG ca.uhn.fhir.context.ModelScanner - Scanning datatype class: org.hl7.fhir.r4.model.SampledData
12:07:54.074 [main] DEBUG ca.uhn.fhir.context.ModelScanner - Scanning datatype class: org.hl7.fhir.r4.model.Annotation
12:07:54.075 [main] DEBUG ca.uhn.fhir.context.ModelScanner - Scanning datatype class: org.hl7.fhir.r4.model.RelatedArtifact
12:07:54.077 [main] DEBUG ca.uhn.fhir.context.ModelScanner - Scanning resource class: org.hl7.fhir.r4.model.Base64BinaryType
12:07:54.078 [main] DEBUG ca.uhn.fhir.context.ModelScanner - Scanning datatype class: org.hl7.fhir.r4.model.Duration
12:07:54.079 [main] DEBUG ca.uhn.fhir.context.ModelScanner - Scanning resource class: org.hl7.fhir.utilities.xhtml.XhtmlNode
12:07:54.079 [main] DEBUG ca.uhn.fhir.context.ModelScanner - Scanning resource class: org.hl7.fhir.r4.model.DateType
12:07:54.080 [main] DEBUG ca.uhn.fhir.context.ModelScanner - Scanning datatype class: org.hl7.fhir.r4.model.Reference
12:07:54.080 [main] DEBUG ca.uhn.fhir.context.ModelScanner - Scanning datatype class: org.hl7.fhir.r4.model.Identifier
12:07:54.081 [main] DEBUG ca.uhn.fhir.context.ModelScanner - Scanning datatype class: org.hl7.fhir.r4.model.MoneyQuantity
12:07:54.085 [main] DEBUG ca.uhn.fhir.context.ModelScanner - Scanning resource class: org.hl7.fhir.r4.model.Practitioner
12:07:54.105 [main] DEBUG ca.uhn.fhir.context.ModelScanner - Scanning resource block class: org.hl7.fhir.r4.model.ElementDefinition$TypeRefComponent
12:07:54.108 [main] DEBUG ca.uhn.fhir.context.ModelScanner - Scanning resource class: org.hl7.fhir.r4.model.Location
12:07:54.114 [main] DEBUG ca.uhn.fhir.context.ModelScanner - Scanning resource class: org.hl7.fhir.r4.model.Schedule
12:07:54.120 [main] DEBUG ca.uhn.fhir.context.ModelScanner - Scanning resource class: org.hl7.fhir.r4.model.HealthcareService
12:07:54.124 [main] DEBUG ca.uhn.fhir.context.ModelScanner - Scanning resource class: org.hl7.fhir.r4.model.RelatedPerson
12:07:54.126 [main] DEBUG ca.uhn.fhir.context.ModelScanner - Scanning resource class: org.hl7.fhir.r4.model.Patient
12:07:54.131 [main] DEBUG ca.uhn.fhir.context.ModelScanner - Scanning resource block class: org.hl7.fhir.r4.model.ElementDefinition$ElementDefinitionMappingComponent
12:07:54.156 [main] DEBUG ca.uhn.fhir.context.ModelScanner - Scanning resource block class: org.hl7.fhir.r4.model.ElementDefinition$ElementDefinitionExampleComponent
12:07:54.159 [main] DEBUG ca.uhn.fhir.context.ModelScanner - Scanning resource block class: org.hl7.fhir.r4.model.Timing$TimingRepeatComponent
12:07:54.166 [main] DEBUG ca.uhn.fhir.context.ModelScanner - Scanning resource block class: org.hl7.fhir.r4.model.SubstanceAmount$SubstanceAmountReferenceRangeComponent
12:07:54.167 [main] DEBUG ca.uhn.fhir.context.ModelScanner - Scanning resource block class: org.hl7.fhir.r4.model.DataRequirement$DataRequirementSortComponent
12:07:54.168 [main] DEBUG ca.uhn.fhir.context.ModelScanner - Scanning resource block class: org.hl7.fhir.r4.model.ElementDefinition$ElementDefinitionBindingComponent
12:07:54.169 [main] DEBUG ca.uhn.fhir.context.ModelScanner - Scanning resource block class: org.hl7.fhir.r4.model.ElementDefinition$ElementDefinitionBaseComponent
12:07:54.170 [main] DEBUG ca.uhn.fhir.context.ModelScanner - Scanning resource class: org.hl7.fhir.r4.model.Group
12:07:54.173 [main] DEBUG ca.uhn.fhir.context.ModelScanner - Scanning resource class: org.hl7.fhir.r4.model.PractitionerRole
12:07:54.176 [main] DEBUG ca.uhn.fhir.context.ModelScanner - Scanning resource class: org.hl7.fhir.r4.model.Organization
12:07:54.180 [main] DEBUG ca.uhn.fhir.context.ModelScanner - Scanning resource block class: org.hl7.fhir.r4.model.Dosage$DosageDoseAndRateComponent
12:07:54.181 [main] DEBUG ca.uhn.fhir.context.ModelScanner - Scanning resource class: org.hl7.fhir.r4.model.Device
12:07:54.186 [main] DEBUG ca.uhn.fhir.context.ModelScanner - Scanning resource block class: org.hl7.fhir.r4.model.DataRequirement$DataRequirementDateFilterComponent
12:07:54.188 [main] DEBUG ca.uhn.fhir.context.ModelScanner - Scanning resource class: org.hl7.fhir.r4.model.ResearchStudy
12:07:54.192 [main] DEBUG ca.uhn.fhir.context.ModelScanner - Scanning resource block class: org.hl7.fhir.r4.model.DataRequirement$DataRequirementCodeFilterComponent
12:07:54.193 [main] DEBUG ca.uhn.fhir.context.ModelScanner - Scanning resource block class: org.hl7.fhir.r4.model.ElementDefinition$ElementDefinitionSlicingComponent
12:07:54.196 [main] DEBUG ca.uhn.fhir.context.ModelScanner - Scanning resource block class: org.hl7.fhir.r4.model.ElementDefinition$ElementDefinitionConstraintComponent
12:07:54.204 [main] DEBUG ca.uhn.fhir.context.ModelScanner - Scanning resource class: org.hl7.fhir.r4.model.PlanDefinition
12:07:54.215 [main] DEBUG ca.uhn.fhir.context.ModelScanner - Scanning resource class: org.hl7.fhir.r4.model.InsurancePlan
12:07:54.220 [main] DEBUG ca.uhn.fhir.context.ModelScanner - Scanning resource block class: org.hl7.fhir.r4.model.Location$LocationPositionComponent
12:07:54.222 [main] DEBUG ca.uhn.fhir.context.ModelScanner - Scanning resource block class: org.hl7.fhir.r4.model.PractitionerRole$PractitionerRoleAvailableTimeComponent
12:07:54.225 [main] DEBUG ca.uhn.fhir.context.ModelScanner - Scanning resource block class: org.hl7.fhir.r4.model.Device$DeviceUdiCarrierComponent
12:07:54.227 [main] DEBUG ca.uhn.fhir.context.ModelScanner - Scanning resource block class: org.hl7.fhir.r4.model.Organization$OrganizationContactComponent
12:07:54.228 [main] DEBUG ca.uhn.fhir.context.ModelScanner - Scanning resource block class: org.hl7.fhir.r4.model.Patient$PatientLinkComponent
12:07:54.229 [main] DEBUG ca.uhn.fhir.context.ModelScanner - Scanning resource block class: org.hl7.fhir.r4.model.HealthcareService$HealthcareServiceEligibilityComponent
12:07:54.230 [main] DEBUG ca.uhn.fhir.context.ModelScanner - Scanning resource block class: org.hl7.fhir.r4.model.Device$DeviceSpecializationComponent
12:07:54.231 [main] DEBUG ca.uhn.fhir.context.ModelScanner - Scanning resource block class: org.hl7.fhir.r4.model.Patient$PatientCommunicationComponent
12:07:54.232 [main] DEBUG ca.uhn.fhir.context.ModelScanner - Scanning resource block class: org.hl7.fhir.r4.model.Device$DeviceVersionComponent
12:07:54.233 [main] DEBUG ca.uhn.fhir.context.ModelScanner - Scanning resource block class: org.hl7.fhir.r4.model.InsurancePlan$InsurancePlanCoverageComponent
12:07:54.235 [main] DEBUG ca.uhn.fhir.context.ModelScanner - Scanning resource block class: org.hl7.fhir.r4.model.HealthcareService$HealthcareServiceAvailableTimeComponent
12:07:54.240 [main] DEBUG ca.uhn.fhir.context.ModelScanner - Scanning resource block class: org.hl7.fhir.r4.model.Patient$ContactComponent
12:07:54.242 [main] DEBUG ca.uhn.fhir.context.ModelScanner - Scanning resource block class: org.hl7.fhir.r4.model.ResearchStudy$ResearchStudyArmComponent
12:07:54.243 [main] DEBUG ca.uhn.fhir.context.ModelScanner - Scanning resource block class: org.hl7.fhir.r4.model.Practitioner$PractitionerQualificationComponent
12:07:54.245 [main] DEBUG ca.uhn.fhir.context.ModelScanner - Scanning resource class: org.hl7.fhir.r4.model.Endpoint
12:07:54.249 [main] DEBUG ca.uhn.fhir.context.ModelScanner - Scanning resource block class: org.hl7.fhir.r4.model.Group$GroupMemberComponent
12:07:54.250 [main] DEBUG ca.uhn.fhir.context.ModelScanner - Scanning resource block class: org.hl7.fhir.r4.model.HealthcareService$HealthcareServiceNotAvailableComponent
12:07:54.251 [main] DEBUG ca.uhn.fhir.context.ModelScanner - Scanning resource block class: org.hl7.fhir.r4.model.PlanDefinition$PlanDefinitionGoalComponent
12:07:54.254 [main] DEBUG ca.uhn.fhir.context.ModelScanner - Scanning resource block class: org.hl7.fhir.r4.model.Device$DeviceDeviceNameComponent
12:07:54.255 [main] DEBUG ca.uhn.fhir.context.ModelScanner - Scanning resource block class: org.hl7.fhir.r4.model.InsurancePlan$InsurancePlanPlanComponent
12:07:54.261 [main] DEBUG ca.uhn.fhir.context.ModelScanner - Scanning resource block class: org.hl7.fhir.r4.model.Location$LocationHoursOfOperationComponent
12:07:54.264 [main] DEBUG ca.uhn.fhir.context.ModelScanner - Scanning resource block class: org.hl7.fhir.r4.model.ResearchStudy$ResearchStudyObjectiveComponent
12:07:54.265 [main] DEBUG ca.uhn.fhir.context.ModelScanner - Scanning resource block class: org.hl7.fhir.r4.model.InsurancePlan$InsurancePlanContactComponent
12:07:54.267 [main] DEBUG ca.uhn.fhir.context.ModelScanner - Scanning resource block class: org.hl7.fhir.r4.model.PlanDefinition$PlanDefinitionActionComponent
12:07:54.277 [main] DEBUG ca.uhn.fhir.context.ModelScanner - Scanning resource class: org.hl7.fhir.r4.model.DeviceDefinition
12:07:54.279 [main] DEBUG ca.uhn.fhir.context.ModelScanner - Scanning resource block class: org.hl7.fhir.r4.model.Device$DevicePropertyComponent
12:07:54.280 [main] DEBUG ca.uhn.fhir.context.ModelScanner - Scanning resource block class: org.hl7.fhir.r4.model.RelatedPerson$RelatedPersonCommunicationComponent
12:07:54.281 [main] DEBUG ca.uhn.fhir.context.ModelScanner - Scanning resource block class: org.hl7.fhir.r4.model.Group$GroupCharacteristicComponent
12:07:54.282 [main] DEBUG ca.uhn.fhir.context.ModelScanner - Scanning resource block class: org.hl7.fhir.r4.model.ElementDefinition$ElementDefinitionSlicingDiscriminatorComponent
12:07:54.283 [main] DEBUG ca.uhn.fhir.context.ModelScanner - Scanning resource block class: org.hl7.fhir.r4.model.PractitionerRole$PractitionerRoleNotAvailableComponent
12:07:54.284 [main] DEBUG ca.uhn.fhir.context.ModelScanner - Scanning resource block class: org.hl7.fhir.r4.model.DeviceDefinition$DeviceDefinitionUdiDeviceIdentifierComponent
12:07:54.284 [main] DEBUG ca.uhn.fhir.context.ModelScanner - Scanning resource block class: org.hl7.fhir.r4.model.InsurancePlan$CoverageBenefitComponent
12:07:54.287 [main] DEBUG ca.uhn.fhir.context.ModelScanner - Scanning resource class: org.hl7.fhir.r4.model.Medication
12:07:54.289 [main] DEBUG ca.uhn.fhir.context.ModelScanner - Scanning resource block class: org.hl7.fhir.r4.model.DeviceDefinition$DeviceDefinitionCapabilityComponent
12:07:54.290 [main] DEBUG ca.uhn.fhir.context.ModelScanner - Scanning resource block class: org.hl7.fhir.r4.model.DeviceDefinition$DeviceDefinitionSpecializationComponent
12:07:54.291 [main] DEBUG ca.uhn.fhir.context.ModelScanner - Scanning resource block class: org.hl7.fhir.r4.model.PlanDefinition$PlanDefinitionGoalTargetComponent
12:07:54.294 [main] DEBUG ca.uhn.fhir.context.ModelScanner - Scanning resource block class: org.hl7.fhir.r4.model.PlanDefinition$PlanDefinitionActionDynamicValueComponent
12:07:54.295 [main] DEBUG ca.uhn.fhir.context.ModelScanner - Scanning resource block class: org.hl7.fhir.r4.model.InsurancePlan$InsurancePlanPlanGeneralCostComponent
12:07:54.296 [main] DEBUG ca.uhn.fhir.context.ModelScanner - Scanning resource class: org.hl7.fhir.r4.model.Substance
12:07:54.298 [main] DEBUG ca.uhn.fhir.context.ModelScanner - Scanning resource block class: org.hl7.fhir.r4.model.DeviceDefinition$DeviceDefinitionPropertyComponent
12:07:54.300 [main] DEBUG ca.uhn.fhir.context.ModelScanner - Scanning resource block class: org.hl7.fhir.r4.model.PlanDefinition$PlanDefinitionActionConditionComponent
12:07:54.301 [main] DEBUG ca.uhn.fhir.context.ModelScanner - Scanning resource block class: org.hl7.fhir.r4.model.InsurancePlan$InsurancePlanPlanSpecificCostComponent
12:07:54.303 [main] DEBUG ca.uhn.fhir.context.ModelScanner - Scanning resource block class: org.hl7.fhir.r4.model.PlanDefinition$PlanDefinitionActionRelatedActionComponent
12:07:54.304 [main] DEBUG ca.uhn.fhir.context.ModelScanner - Scanning resource block class: org.hl7.fhir.r4.model.DeviceDefinition$DeviceDefinitionMaterialComponent
12:07:54.305 [main] DEBUG ca.uhn.fhir.context.ModelScanner - Scanning resource block class: org.hl7.fhir.r4.model.DeviceDefinition$DeviceDefinitionDeviceNameComponent
12:07:54.306 [main] DEBUG ca.uhn.fhir.context.ModelScanner - Scanning resource block class: org.hl7.fhir.r4.model.PlanDefinition$PlanDefinitionActionParticipantComponent
12:07:54.307 [main] DEBUG ca.uhn.fhir.context.ModelScanner - Scanning resource block class: org.hl7.fhir.r4.model.InsurancePlan$CoverageBenefitLimitComponent
12:07:54.308 [main] DEBUG ca.uhn.fhir.context.ModelScanner - Scanning resource block class: org.hl7.fhir.r4.model.Substance$SubstanceIngredientComponent
12:07:54.309 [main] DEBUG ca.uhn.fhir.context.ModelScanner - Scanning resource block class: org.hl7.fhir.r4.model.Substance$SubstanceInstanceComponent
12:07:54.310 [main] DEBUG ca.uhn.fhir.context.ModelScanner - Scanning resource block class: org.hl7.fhir.r4.model.InsurancePlan$PlanBenefitComponent
12:07:54.312 [main] DEBUG ca.uhn.fhir.context.ModelScanner - Scanning resource block class: org.hl7.fhir.r4.model.Medication$MedicationIngredientComponent
12:07:54.313 [main] DEBUG ca.uhn.fhir.context.ModelScanner - Scanning resource block class: org.hl7.fhir.r4.model.Medication$MedicationBatchComponent
12:07:54.314 [main] DEBUG ca.uhn.fhir.context.ModelScanner - Scanning resource block class: org.hl7.fhir.r4.model.InsurancePlan$PlanBenefitCostComponent
12:07:54.551 [main] DEBUG ca.uhn.fhir.context.ModelScanner - Done scanning FHIR library, found 141 model entries in 1818ms
12:07:54.554 [main] DEBUG ca.uhn.fhir.context.ModelScanner - Scanning resource class: org.hl7.fhir.r4.model.CapabilityStatement
12:07:54.557 [main] DEBUG ca.uhn.fhir.context.ModelScanner - Scanning resource block class: org.hl7.fhir.r4.model.CapabilityStatement$CapabilityStatementDocumentComponent
12:07:54.560 [main] DEBUG ca.uhn.fhir.context.ModelScanner - Scanning resource block class: org.hl7.fhir.r4.model.CapabilityStatement$CapabilityStatementMessagingComponent
12:07:54.585 [main] DEBUG ca.uhn.fhir.context.ModelScanner - Scanning resource block class: org.hl7.fhir.r4.model.CapabilityStatement$CapabilityStatementSoftwareComponent
12:07:54.587 [main] DEBUG ca.uhn.fhir.context.ModelScanner - Scanning resource block class: org.hl7.fhir.r4.model.CapabilityStatement$CapabilityStatementRestComponent
12:07:54.596 [main] DEBUG ca.uhn.fhir.context.ModelScanner - Scanning resource block class: org.hl7.fhir.r4.model.CapabilityStatement$CapabilityStatementImplementationComponent
12:07:54.597 [main] DEBUG ca.uhn.fhir.context.ModelScanner - Scanning resource block class: org.hl7.fhir.r4.model.CapabilityStatement$CapabilityStatementRestResourceComponent
12:07:54.602 [main] DEBUG ca.uhn.fhir.context.ModelScanner - Scanning resource block class: org.hl7.fhir.r4.model.CapabilityStatement$CapabilityStatementRestResourceSearchParamComponent
12:07:54.604 [main] DEBUG ca.uhn.fhir.context.ModelScanner - Scanning resource block class: org.hl7.fhir.r4.model.CapabilityStatement$SystemInteractionComponent
12:07:54.604 [main] DEBUG ca.uhn.fhir.context.ModelScanner - Scanning resource block class: org.hl7.fhir.r4.model.CapabilityStatement$CapabilityStatementMessagingSupportedMessageComponent
12:07:54.605 [main] DEBUG ca.uhn.fhir.context.ModelScanner - Scanning resource block class: org.hl7.fhir.r4.model.CapabilityStatement$CapabilityStatementRestSecurityComponent
12:07:54.606 [main] DEBUG ca.uhn.fhir.context.ModelScanner - Scanning resource block class: org.hl7.fhir.r4.model.CapabilityStatement$CapabilityStatementRestResourceOperationComponent
12:07:54.607 [main] DEBUG ca.uhn.fhir.context.ModelScanner - Scanning resource block class: org.hl7.fhir.r4.model.CapabilityStatement$CapabilityStatementMessagingEndpointComponent
12:07:54.608 [main] DEBUG ca.uhn.fhir.context.ModelScanner - Scanning resource block class: org.hl7.fhir.r4.model.CapabilityStatement$ResourceInteractionComponent
12:07:54.629 [main] DEBUG ca.uhn.fhir.context.ModelScanner - Done scanning FHIR library, found 14 model entries in 77ms
12:07:54.722 [main] DEBUG org.apache.http.client.protocol.RequestAuthCache - Auth cache not set in the context
12:07:54.724 [main] DEBUG org.apache.http.impl.conn.PoolingHttpClientConnectionManager - Connection request: [route: {}->http://localhost:9504][total kept alive: 0; route allocated: 0 of 20; total allocated: 0 of 20]
12:07:54.763 [main] DEBUG org.apache.http.impl.conn.PoolingHttpClientConnectionManager - Connection leased: [id: 0][route: {}->http://localhost:9504][total kept alive: 0; route allocated: 1 of 20; total allocated: 1 of 20]
12:07:54.769 [main] DEBUG org.apache.http.impl.execchain.MainClientExec - Opening connection {}->http://localhost:9504
12:07:54.832 [main] DEBUG org.apache.http.impl.conn.DefaultHttpClientConnectionOperator - Connecting to localhost/127.0.0.1:9504
12:07:55.845 [main] DEBUG org.apache.http.impl.conn.DefaultHttpClientConnectionOperator - Connect to localhost/127.0.0.1:9504 timed out. Connection will be retried using another IP address
12:07:55.845 [main] DEBUG org.apache.http.impl.conn.DefaultHttpClientConnectionOperator - Connecting to localhost/0:0:0:0:0:0:0:1:9504
12:07:56.857 [main] DEBUG org.apache.http.impl.conn.DefaultManagedHttpClientConnection - http-outgoing-0: Shutdown connection
12:07:56.858 [main] DEBUG org.apache.http.impl.execchain.MainClientExec - Connection discarded
12:07:56.859 [main] DEBUG org.apache.http.impl.conn.PoolingHttpClientConnectionManager - Connection released: [id: 0][route: {}->http://localhost:9504][total kept alive: 0; route allocated: 0 of 20; total allocated: 0 of 20]
]]></system-out>
  </testcase>
</testsuite>